2024-08-16 12:10:59.550 [info] Log level: Info
2024-08-16 12:10:59.550 [info] Validating found git in: "git"
2024-08-16 12:10:59.550 [info] Using git "2.43.0" from "git"
2024-08-16 12:10:59.550 [info] > git rev-parse --show-toplevel [2ms]
2024-08-16 12:10:59.550 [info] fatal: not a git repository (or any parent up to mount point /home)
Stopping at filesystem boundary (GIT_DISCOVERY_ACROSS_FILESYSTEM not set).
2024-08-16 12:10:59.550 [info] > git rev-parse --show-toplevel [2ms]
2024-08-16 12:10:59.550 [info] fatal: not a git repository (or any parent up to mount point /home)
Stopping at filesystem boundary (GIT_DISCOVERY_ACROSS_FILESYSTEM not set).
2024-08-16 12:10:59.550 [info] > git rev-parse --show-toplevel [1ms]
2024-08-16 12:10:59.550 [info] fatal: not a git repository (or any parent up to mount point /home)
Stopping at filesystem boundary (GIT_DISCOVERY_ACROSS_FILESYSTEM not set).
2024-08-16 12:10:59.550 [info] > git rev-parse --show-toplevel [1ms]
2024-08-16 12:10:59.550 [info] fatal: not a git repository (or any parent up to mount point /home)
Stopping at filesystem boundary (GIT_DISCOVERY_ACROSS_FILESYSTEM not set).
2024-08-16 12:11:00.315 [info] > git rev-parse --show-toplevel [1ms]
2024-08-16 12:11:00.315 [info] fatal: not a git repository (or any parent up to mount point /home)
Stopping at filesystem boundary (GIT_DISCOVERY_ACROSS_FILESYSTEM not set).
2024-08-16 12:11:25.654 [info] > git rev-parse --show-toplevel [1ms]
2024-08-16 12:11:25.654 [info] fatal: not a git repository (or any parent up to mount point /home)
Stopping at filesystem boundary (GIT_DISCOVERY_ACROSS_FILESYSTEM not set).
2024-08-16 12:11:31.195 [info] > git rev-parse --show-toplevel [1ms]
2024-08-16 12:11:31.195 [info] fatal: not a git repository (or any parent up to mount point /home)
Stopping at filesystem boundary (GIT_DISCOVERY_ACROSS_FILESYSTEM not set).
2024-08-16 12:11:46.094 [info] > git rev-parse --show-toplevel [2ms]
2024-08-16 12:11:46.094 [info] fatal: not a git repository (or any parent up to mount point /home)
Stopping at filesystem boundary (GIT_DISCOVERY_ACROSS_FILESYSTEM not set).
2024-08-16 12:11:46.737 [warning] Failed to get repository realpath for: "/home/lipcowe/.local/share/code-server/extensions/.ce521362-015b-492e-89d4-ef2aac44c68b/". Error: ENOENT: no such file or directory, realpath '/home/lipcowe/.local/share/code-server/extensions/.ce521362-015b-492e-89d4-ef2aac44c68b/'
2024-08-16 12:11:57.457 [info] > git rev-parse --show-toplevel [1ms]
2024-08-16 12:11:57.457 [info] fatal: not a git repository (or any parent up to mount point /home)
Stopping at filesystem boundary (GIT_DISCOVERY_ACROSS_FILESYSTEM not set).
2024-08-16 12:11:58.001 [warning] Failed to get repository realpath for: "/home/lipcowe/.local/share/code-server/extensions/.64d56896-6796-4382-93c3-4f8b06c6000b/". Error: ENOENT: no such file or directory, realpath '/home/lipcowe/.local/share/code-server/extensions/.64d56896-6796-4382-93c3-4f8b06c6000b/'
2024-08-16 12:12:13.837 [info] > git rev-parse --show-toplevel [1ms]
2024-08-16 12:12:13.837 [info] fatal: not a git repository (or any parent up to mount point /home)
Stopping at filesystem boundary (GIT_DISCOVERY_ACROSS_FILESYSTEM not set).
2024-08-16 12:12:14.618 [warning] Failed to get repository realpath for: "/home/lipcowe/.local/share/code-server/extensions/.d5b67c64-c427-4ae6-afc0-e7373ac8c574/". Error: ENOENT: no such file or directory, realpath '/home/lipcowe/.local/share/code-server/extensions/.d5b67c64-c427-4ae6-afc0-e7373ac8c574/'
2024-08-16 12:12:32.317 [info] > git rev-parse --show-toplevel [1ms]
2024-08-16 12:12:32.317 [info] fatal: not a git repository (or any parent up to mount point /home)
Stopping at filesystem boundary (GIT_DISCOVERY_ACROSS_FILESYSTEM not set).
2024-08-16 12:12:46.979 [info] > git rev-parse --show-toplevel [2ms]
2024-08-16 12:12:46.979 [info] fatal: not a git repository (or any parent up to mount point /home)
Stopping at filesystem boundary (GIT_DISCOVERY_ACROSS_FILESYSTEM not set).
2024-08-16 12:12:57.297 [info] > git rev-parse --show-toplevel [6ms]
2024-08-16 12:12:57.297 [info] fatal: not a git repository (or any parent up to mount point /home)
Stopping at filesystem boundary (GIT_DISCOVERY_ACROSS_FILESYSTEM not set).
2024-08-16 12:12:57.352 [warning] Failed to get repository realpath for: "/home/lipcowe/.local/share/code-server/extensions/.1fd14d0e-d40b-4ba6-9ff7-382781d17885/". Error: ENOENT: no such file or directory, realpath '/home/lipcowe/.local/share/code-server/extensions/.1fd14d0e-d40b-4ba6-9ff7-382781d17885/'
2024-08-16 12:13:04.774 [info] > git rev-parse --show-toplevel [5ms]
2024-08-16 12:13:04.775 [info] fatal: not a git repository (or any parent up to mount point /home)
Stopping at filesystem boundary (GIT_DISCOVERY_ACROSS_FILESYSTEM not set).
2024-08-16 12:13:37.919 [warning] Failed to get repository realpath for: "/home/lipcowe/.local/share/code-server/extensions/.75f2ee90-5221-454d-a57a-d687016dc234/". Error: ENOENT: no such file or directory, realpath '/home/lipcowe/.local/share/code-server/extensions/.75f2ee90-5221-454d-a57a-d687016dc234/'
2024-08-16 12:13:38.007 [info] > git rev-parse --show-toplevel [7ms]
2024-08-16 12:13:38.007 [info] fatal: not a git repository (or any parent up to mount point /home)
Stopping at filesystem boundary (GIT_DISCOVERY_ACROSS_FILESYSTEM not set).
2024-08-16 12:13:38.048 [info] > git rev-parse --show-toplevel [3ms]
2024-08-16 12:13:38.048 [info] fatal: not a git repository (or any parent up to mount point /home)
Stopping at filesystem boundary (GIT_DISCOVERY_ACROSS_FILESYSTEM not set).
2024-08-16 12:14:17.455 [info] > git rev-parse --show-toplevel [6ms]
2024-08-16 12:14:17.455 [info] fatal: not a git repository (or any parent up to mount point /home)
Stopping at filesystem boundary (GIT_DISCOVERY_ACROSS_FILESYSTEM not set).
2024-08-16 12:14:17.477 [warning] Failed to get repository realpath for: "/home/lipcowe/.local/share/code-server/extensions/.c0a5fb1e-62e8-447c-a618-b3c6da7859d8/". Error: ENOENT: no such file or directory, realpath '/home/lipcowe/.local/share/code-server/extensions/.c0a5fb1e-62e8-447c-a618-b3c6da7859d8/'
2024-08-16 12:14:32.381 [info] > git rev-parse --show-toplevel [2ms]
2024-08-16 12:14:32.381 [info] fatal: not a git repository (or any parent up to mount point /home)
Stopping at filesystem boundary (GIT_DISCOVERY_ACROSS_FILESYSTEM not set).
2024-08-16 12:14:35.805 [info] > git rev-parse --show-toplevel [1ms]
2024-08-16 12:14:35.806 [info] fatal: not a git repository (or any parent up to mount point /home)
Stopping at filesystem boundary (GIT_DISCOVERY_ACROSS_FILESYSTEM not set).
2024-08-16 12:14:42.296 [info] > git rev-parse --show-toplevel [9ms]
2024-08-16 12:14:42.297 [info] fatal: not a git repository (or any parent up to mount point /home)
Stopping at filesystem boundary (GIT_DISCOVERY_ACROSS_FILESYSTEM not set).
2024-08-16 12:16:22.303 [info] > git rev-parse --show-toplevel [3ms]
2024-08-16 12:16:22.303 [info] fatal: not a git repository (or any parent up to mount point /home)
Stopping at filesystem boundary (GIT_DISCOVERY_ACROSS_FILESYSTEM not set).
2024-08-16 12:23:14.853 [info] > git rev-parse --show-toplevel [6ms]
2024-08-16 12:23:14.853 [info] fatal: not a git repository (or any parent up to mount point /home)
Stopping at filesystem boundary (GIT_DISCOVERY_ACROSS_FILESYSTEM not set).
2024-08-16 12:23:18.025 [info] > git init -b main [4ms]
2024-08-16 12:23:18.031 [info] > git rev-parse --show-toplevel [2ms]
2024-08-16 12:23:18.038 [info] > git rev-parse --git-dir --git-common-dir [1ms]
2024-08-16 12:23:18.047 [info] Open repository: /home/lipcowe
2024-08-16 12:23:18.059 [info] No remotes found in the git config file.
2024-08-16 12:23:18.060 [info] > git config --get commit.template [6ms]
2024-08-16 12:23:18.060 [info] > git for-each-ref --format=%(refname)%00%(upstream:short)%00%(objectname)%00%(upstream:track)%00%(upstream:remotename)%00%(upstream:remoteref) refs/heads/main refs/remotes/main [2ms]
2024-08-16 12:23:18.060 [warning] No such branch: main.
2024-08-16 12:23:18.173 [info] > git status -z -uall [107ms] (cancelled)
2024-08-16 12:23:18.922 [info] > git show --textconv :my_venv/app.py [10ms]
2024-08-16 12:23:18.923 [info] > git ls-files --stage -- /home/lipcowe/my_venv/app.py [5ms]
2024-08-16 12:23:18.924 [info] > git check-ignore -v -z --stdin [2ms]
2024-08-16 12:23:19.778 [info] > git ls-files --stage -- /home/lipcowe/my_venv/app.py [1ms]
2024-08-16 12:23:20.062 [info] > git show --textconv :my_venv/app.py [38ms]
2024-08-16 12:23:23.294 [info] > git for-each-ref --format=%(refname)%00%(upstream:short)%00%(objectname)%00%(upstream:track)%00%(upstream:remotename)%00%(upstream:remoteref) refs/heads/main refs/remotes/main [75ms]
2024-08-16 12:23:23.294 [warning] No such branch: main.
2024-08-16 12:23:23.296 [info] > git config --get commit.template [1ms]
2024-08-16 12:23:23.301 [info] No remotes found in the git config file.
2024-08-16 12:23:23.303 [info] > git for-each-ref --format=%(refname)%00%(upstream:short)%00%(objectname)%00%(upstream:track)%00%(upstream:remotename)%00%(upstream:remoteref) refs/heads/main refs/remotes/main [2ms]
2024-08-16 12:23:23.303 [warning] No such branch: main.
2024-08-16 12:23:24.089 [info] > git status -z -uall [781ms] (cancelled)
2024-08-16 12:23:24.090 [info] > git for-each-ref --format=%(refname)%00%(upstream:short)%00%(objectname)%00%(upstream:track)%00%(upstream:remotename)%00%(upstream:remoteref) refs/heads/main refs/remotes/main [54ms]
2024-08-16 12:23:24.090 [warning] No such branch: main.
2024-08-16 12:23:26.837 [info] > git check-ignore -v -z --stdin [2ms]
2024-08-16 12:23:53.980 [info] > git check-ignore -v -z --stdin [2ms]
2024-08-16 12:23:58.978 [info] > git add -A -- . [23788ms]
2024-08-16 12:23:59.852 [info] > git -c user.useConfigOnly=true commit --quiet --allow-empty-message --file - [866ms]
2024-08-16 12:23:59.862 [info] > git config --get commit.template [1ms]
2024-08-16 12:23:59.880 [info] No remotes found in the git config file.
2024-08-16 12:23:59.881 [info] > git config --get commit.template [9ms]
2024-08-16 12:23:59.881 [info] > git for-each-ref --format=%(refname)%00%(upstream:short)%00%(objectname)%00%(upstream:track)%00%(upstream:remotename)%00%(upstream:remoteref) refs/heads/main refs/remotes/main [1ms]
2024-08-16 12:23:59.968 [info] > git status -z -uall [77ms]
2024-08-16 12:24:00.009 [info] > git for-each-ref --format=%(refname)%00%(upstream:short)%00%(objectname)%00%(upstream:track)%00%(upstream:remotename)%00%(upstream:remoteref) refs/heads/main refs/remotes/main [34ms]
2024-08-16 12:24:00.019 [info] > git config --local branch.main.vscode-merge-base [2ms]
2024-08-16 12:24:00.019 [warning] git config failed: Failed to execute git
2024-08-16 12:24:00.028 [info] > git reflog main --grep-reflog=branch: Created from *. [2ms]
2024-08-16 12:24:00.037 [info] > git symbolic-ref --short refs/remotes/origin/HEAD [2ms]
2024-08-16 12:24:00.037 [info] fatal: ref refs/remotes/origin/HEAD is not a symbolic ref
2024-08-16 12:24:01.242 [info] No remotes found in the git config file.
2024-08-16 12:24:01.243 [info] > git config --get commit.template [7ms]
2024-08-16 12:24:01.244 [info] > git for-each-ref --format=%(refname)%00%(upstream:short)%00%(objectname)%00%(upstream:track)%00%(upstream:remotename)%00%(upstream:remoteref) refs/heads/main refs/remotes/main [2ms]
2024-08-16 12:24:01.259 [info] > git for-each-ref --format=%(refname)%00%(upstream:short)%00%(objectname)%00%(upstream:track)%00%(upstream:remotename)%00%(upstream:remoteref) refs/heads/main [0ms]
2024-08-16 12:24:01.323 [info] > git for-each-ref --format=%(refname)%00%(upstream:short)%00%(objectname)%00%(upstream:track)%00%(upstream:remotename)%00%(upstream:remoteref) refs/heads/main [2ms]
2024-08-16 12:24:01.331 [info] > git config --local branch.main.vscode-merge-base [1ms]
2024-08-16 12:24:01.332 [warning] git config failed: Failed to execute git
2024-08-16 12:24:01.341 [info] > git reflog refs/heads/main --grep-reflog=branch: Created from *. [2ms]
2024-08-16 12:24:01.422 [info] > git symbolic-ref --short refs/remotes/origin/HEAD [6ms]
2024-08-16 12:24:01.422 [info] fatal: ref refs/remotes/origin/HEAD is not a symbolic ref
2024-08-16 12:24:01.422 [info] GitHistoryProvider:resolveHistoryItemGroupUpstreamOrBase - Failed to resolve history item group base for 'refs/heads/main'
2024-08-16 12:24:01.422 [info] GitHistoryProvider:resolveHistoryItemGroupCommonAncestor - Failed to resolve history item group base for 'refs/heads/main'
2024-08-16 12:24:01.523 [info] > git status -z -uall [272ms]
2024-08-16 12:24:01.532 [info] > git for-each-ref --format=%(refname)%00%(upstream:short)%00%(objectname)%00%(upstream:track)%00%(upstream:remotename)%00%(upstream:remoteref) refs/heads/main refs/remotes/main [3ms]
2024-08-16 12:24:01.541 [info] > git config --local branch.main.vscode-merge-base [3ms]
2024-08-16 12:24:01.541 [warning] git config failed: Failed to execute git
2024-08-16 12:24:01.550 [info] > git reflog main --grep-reflog=branch: Created from *. [2ms]
2024-08-16 12:24:01.558 [info] > git symbolic-ref --short refs/remotes/origin/HEAD [2ms]
2024-08-16 12:24:01.558 [info] fatal: ref refs/remotes/origin/HEAD is not a symbolic ref
2024-08-16 12:24:01.727 [info] > git ls-files --stage -- /home/lipcowe/my_venv/app.py [8ms]
2024-08-16 12:24:01.736 [info] > git cat-file -s e69de29bb2d1d6434b8b29ae775ad8c2e48c5391 [2ms]
2024-08-16 12:24:01.823 [info] > git for-each-ref --format=%(refname)%00%(upstream:short)%00%(objectname)%00%(upstream:track)%00%(upstream:remotename)%00%(upstream:remoteref) refs/heads/main [2ms]
2024-08-16 12:24:01.832 [info] > git for-each-ref --format=%(refname)%00%(upstream:short)%00%(objectname)%00%(upstream:track)%00%(upstream:remotename)%00%(upstream:remoteref) refs/heads/main [3ms]
2024-08-16 12:24:01.841 [info] > git config --local branch.main.vscode-merge-base [3ms]
2024-08-16 12:24:01.841 [warning] git config failed: Failed to execute git
2024-08-16 12:24:01.850 [info] > git reflog refs/heads/main --grep-reflog=branch: Created from *. [2ms]
2024-08-16 12:24:01.858 [info] > git symbolic-ref --short refs/remotes/origin/HEAD [2ms]
2024-08-16 12:24:01.858 [info] fatal: ref refs/remotes/origin/HEAD is not a symbolic ref
2024-08-16 12:24:01.858 [info] GitHistoryProvider:resolveHistoryItemGroupUpstreamOrBase - Failed to resolve history item group base for 'refs/heads/main'
2024-08-16 12:24:01.858 [info] GitHistoryProvider:resolveHistoryItemGroupCommonAncestor - Failed to resolve history item group base for 'refs/heads/main'
2024-08-16 12:24:02.030 [info] > git show --textconv :my_venv/app.py [7ms]
2024-08-16 12:24:02.125 [info] > git for-each-ref --format=%(refname)%00%(upstream:short)%00%(objectname)%00%(upstream:track)%00%(upstream:remotename)%00%(upstream:remoteref) refs/heads/main [2ms]
2024-08-16 12:24:02.132 [info] > git for-each-ref --format=%(refname)%00%(upstream:short)%00%(objectname)%00%(upstream:track)%00%(upstream:remotename)%00%(upstream:remoteref) refs/heads/main [1ms]
2024-08-16 12:24:02.141 [info] > git config --local branch.main.vscode-merge-base [2ms]
2024-08-16 12:24:02.141 [warning] git config failed: Failed to execute git
2024-08-16 12:24:02.215 [info] > git reflog refs/heads/main --grep-reflog=branch: Created from *. [68ms]
2024-08-16 12:24:02.223 [info] > git symbolic-ref --short refs/remotes/origin/HEAD [2ms]
2024-08-16 12:24:02.223 [info] fatal: ref refs/remotes/origin/HEAD is not a symbolic ref
2024-08-16 12:24:02.223 [info] GitHistoryProvider:resolveHistoryItemGroupUpstreamOrBase - Failed to resolve history item group base for 'refs/heads/main'
2024-08-16 12:24:02.223 [info] GitHistoryProvider:resolveHistoryItemGroupCommonAncestor - Failed to resolve history item group base for 'refs/heads/main'
2024-08-16 12:24:02.637 [info] > git check-ignore -v -z --stdin [8ms]
2024-08-16 12:24:03.619 [info] No remotes found in the git config file.
2024-08-16 12:24:03.620 [info] > git config --get commit.template [67ms]
2024-08-16 12:24:03.620 [info] > git for-each-ref --format=%(refname)%00%(upstream:short)%00%(objectname)%00%(upstream:track)%00%(upstream:remotename)%00%(upstream:remoteref) refs/heads/main refs/remotes/main [2ms]
2024-08-16 12:24:03.832 [info] > git status -z -uall [205ms]
2024-08-16 12:24:03.841 [info] > git for-each-ref --format=%(refname)%00%(upstream:short)%00%(objectname)%00%(upstream:track)%00%(upstream:remotename)%00%(upstream:remoteref) refs/heads/main refs/remotes/main [2ms]
2024-08-16 12:24:03.850 [info] > git config --local branch.main.vscode-merge-base [2ms]
2024-08-16 12:24:03.850 [warning] git config failed: Failed to execute git
2024-08-16 12:24:03.919 [info] > git reflog main --grep-reflog=branch: Created from *. [2ms]
2024-08-16 12:24:03.929 [info] > git symbolic-ref --short refs/remotes/origin/HEAD [2ms]
2024-08-16 12:24:03.929 [info] fatal: ref refs/remotes/origin/HEAD is not a symbolic ref
2024-08-16 12:24:08.928 [info] No remotes found in the git config file.
2024-08-16 12:24:08.929 [info] > git config --get commit.template [8ms]
2024-08-16 12:24:08.929 [info] > git for-each-ref --format=%(refname)%00%(upstream:short)%00%(objectname)%00%(upstream:track)%00%(upstream:remotename)%00%(upstream:remoteref) refs/heads/main refs/remotes/main [1ms]
2024-08-16 12:24:09.129 [info] > git status -z -uall [194ms]
2024-08-16 12:24:09.138 [info] > git for-each-ref --format=%(refname)%00%(upstream:short)%00%(objectname)%00%(upstream:track)%00%(upstream:remotename)%00%(upstream:remoteref) refs/heads/main refs/remotes/main [3ms]
2024-08-16 12:24:09.146 [info] > git config --local branch.main.vscode-merge-base [2ms]
2024-08-16 12:24:09.146 [warning] git config failed: Failed to execute git
2024-08-16 12:24:09.156 [info] > git reflog main --grep-reflog=branch: Created from *. [3ms]
2024-08-16 12:24:09.164 [info] > git symbolic-ref --short refs/remotes/origin/HEAD [2ms]
2024-08-16 12:24:09.164 [info] fatal: ref refs/remotes/origin/HEAD is not a symbolic ref
2024-08-16 12:24:14.148 [info] No remotes found in the git config file.
2024-08-16 12:24:14.149 [info] > git config --get commit.template [5ms]
2024-08-16 12:24:14.149 [info] > git for-each-ref --format=%(refname)%00%(upstream:short)%00%(objectname)%00%(upstream:track)%00%(upstream:remotename)%00%(upstream:remoteref) refs/heads/main refs/remotes/main [1ms]
2024-08-16 12:24:14.228 [info] > git status -z -uall [74ms]
2024-08-16 12:24:14.235 [info] > git for-each-ref --format=%(refname)%00%(upstream:short)%00%(objectname)%00%(upstream:track)%00%(upstream:remotename)%00%(upstream:remoteref) refs/heads/main refs/remotes/main [2ms]
2024-08-16 12:24:14.242 [info] > git config --local branch.main.vscode-merge-base [2ms]
2024-08-16 12:24:14.242 [warning] git config failed: Failed to execute git
2024-08-16 12:24:14.250 [info] > git reflog main --grep-reflog=branch: Created from *. [3ms]
2024-08-16 12:24:14.257 [info] > git symbolic-ref --short refs/remotes/origin/HEAD [1ms]
2024-08-16 12:24:14.257 [info] fatal: ref refs/remotes/origin/HEAD is not a symbolic ref
2024-08-16 12:24:19.242 [info] No remotes found in the git config file.
2024-08-16 12:24:19.250 [info] > git config --get commit.template [8ms]
2024-08-16 12:24:19.251 [info] > git for-each-ref --format=%(refname)%00%(upstream:short)%00%(objectname)%00%(upstream:track)%00%(upstream:remotename)%00%(upstream:remoteref) refs/heads/main refs/remotes/main [2ms]
2024-08-16 12:24:19.345 [info] > git status -z -uall [87ms]
2024-08-16 12:24:19.353 [info] > git for-each-ref --format=%(refname)%00%(upstream:short)%00%(objectname)%00%(upstream:track)%00%(upstream:remotename)%00%(upstream:remoteref) refs/heads/main refs/remotes/main [2ms]
2024-08-16 12:24:19.360 [info] > git config --local branch.main.vscode-merge-base [2ms]
2024-08-16 12:24:19.360 [warning] git config failed: Failed to execute git
2024-08-16 12:24:19.367 [info] > git reflog main --grep-reflog=branch: Created from *. [2ms]
2024-08-16 12:24:19.373 [info] > git symbolic-ref --short refs/remotes/origin/HEAD [1ms]
2024-08-16 12:24:19.373 [info] fatal: ref refs/remotes/origin/HEAD is not a symbolic ref
